[ 15%] Built target sensor_msgs
[ 19%] Built target physics_msgs
[ 20%] Built target nav_msgs
[ 23%] Built target mav_msgs
[ 25%] Built target std_msgs
[ 41%] Built target models_gen
[ 42%] Built target gazebo_lidar_plugin
[ 43%] Built target gazebo_multirotor_base_plugin
[ 44%] Built target gazebo_gps_plugin
[ 46%] Built target gazebo_opticalflow_mockup_plugin
[ 47%] Built target gazebo_sonar_plugin
[ 48%] Built target gazebo_controller_interface
[ 51%] Built target gazebo_gst_camera_plugin
[ 53%] Built target gazebo_user_camera_plugin
[ 55%] Built target gazebo_camera_manager_plugin
[ 57%] Built target gazebo_magnetometer_plugin
[ 58%] Built target gazebo_groundtruth_plugin
[ 59%] Built target gazebo_pose_sniffer_plugin
[ 60%] Built target gazebo_airspeed_plugin
[ 61%] Built target gazebo_catapult_plugin
[ 62%] Built target LiftDragPlugin
[ 63%] Built target gazebo_uuv_plugin
[ 64%] Built target klt_feature_tracker
[ 65%] Built target gazebo_parachute_plugin
[ 67%] Built target gazebo_drop_plugin
[ 69%] Built target gazebo_vision_plugin
[ 71%] Built target gazebo_gimbal_controller_plugin
[ 72%] Built target gazebo_imu_plugin
[ 74%] Built target gazebo_video_stream_widget
[ 75%] Built target gazebo_aruco_plugin
[ 77%] Built target gazebo_mavlink_interface
[ 78%] Built target gazebo_motor_model
[ 79%] Built target gazebo_wind_plugin
[ 80%] Built target gazebo_airship_dynamics_plugin
[ 81%] Built target gazebo_barometer_plugin
[ 84%] Built target gazebo_usv_dynamics_plugin
[ 85%] Built target ForceVisual
[ 86%] Built target AdvancedLiftDragPlugin
[ 86%] Built target sensor_msgs_generate_messages_eus
[ 86%] Built target std_msgs_generate_messages_eus
[ 86%] Built target _klt_feature_tracker_generate_messages_check_deps_TrackFeatures
[ 86%] Built target sensor_msgs_generate_messages_py
[ 86%] Built target std_msgs_generate_messages_py
[ 86%] Built target sensor_msgs_generate_messages_lisp
[ 86%] Built target std_msgs_generate_messages_lisp
[ 86%] Built target sensor_msgs_generate_messages_nodejs
[ 86%] Built target std_msgs_generate_messages_nodejs
[ 86%] Built target std_msgs_generate_messages_cpp
[ 86%] Built target sensor_msgs_generate_messages_cpp
[ 88%] Built target gazebo_random_velocity_plugin
[ 89%] Built target gazebo_irlock_plugin
[ 92%] Built target OpticalFlow
[ 93%] Built target klt_feature_tracker_generate_messages_eus
[ 94%] Built target klt_feature_tracker_generate_messages_py
[ 94%] Built target klt_feature_tracker_generate_messages_lisp
[ 95%] Built target klt_feature_tracker_generate_messages_nodejs
[ 96%] Built target klt_feature_tracker_generate_messages_cpp
[ 97%] Built target gazebo_opticalflow_plugin
[ 97%] Built target klt_feature_tracker_generate_messages
[100%] Built target feature_tracker_node
